Using pre-set license
Built from '2022.3/staging' branch; Version is '2022.3.40f1 (cbdda657d2f0) revision 13360550'; Using compiler version '192829333'; Build Type 'Release'
OS: 'Windows 10  (10.0.19045) 64bit Professional' Language: 'tr' Physical Memory: 8103 MB
BatchMode: 1, IsHumanControllingUs: 0, StartBugReporterOnCrash: 0, Is64bit: 1, IsPro: 1

COMMAND LINE ARGUMENTS:
C:\Program Files\Unity\Hub\Editor\2022.3.40f1\Editor\Unity.exe
-adb2
-batchMode
-noUpm
-name
AssetImportWorker0
-projectPath
C:/Users/DELL/Desktop/MyProject_Edacan_Kılıç/Cet372_Edacan_Kılıç
-logFile
Logs/AssetImportWorker0.log
-srvPort
62014
Successfully changed project path to: C:/Users/DELL/Desktop/MyProject_Edacan_Kılıç/Cet372_Edacan_Kılıç
C:/Users/DELL/Desktop/MyProject_Edacan_Kılıç/Cet372_Edacan_Kılıç
[UnityMemory] Configuration Parameters - Can be set up in boot.config
    "memorysetup-bucket-allocator-granularity=16"
    "memorysetup-bucket-allocator-bucket-count=8"
    "memorysetup-bucket-allocator-block-size=33554432"
    "memorysetup-bucket-allocator-block-count=8"
    "memorysetup-main-allocator-block-size=16777216"
    "memorysetup-thread-allocator-block-size=16777216"
    "memorysetup-gfx-main-allocator-block-size=16777216"
    "memorysetup-gfx-thread-allocator-block-size=16777216"
    "memorysetup-cache-allocator-block-size=4194304"
    "memorysetup-typetree-allocator-block-size=2097152"
    "memorysetup-profiler-bucket-allocator-granularity=16"
    "memorysetup-profiler-bucket-allocator-bucket-count=8"
    "memorysetup-profiler-bucket-allocator-block-size=33554432"
    "memorysetup-profiler-bucket-allocator-block-count=8"
    "memorysetup-profiler-allocator-block-size=16777216"
    "memorysetup-profiler-editor-allocator-block-size=1048576"
    "memorysetup-temp-allocator-size-main=16777216"
    "memorysetup-job-temp-allocator-block-size=2097152"
    "memorysetup-job-temp-allocator-block-size-background=1048576"
    "memorysetup-job-temp-allocator-reduction-small-platforms=262144"
    "memorysetup-allocator-temp-initial-block-size-main=262144"
    "memorysetup-allocator-temp-initial-block-size-worker=262144"
    "memorysetup-temp-allocator-size-background-worker=32768"
    "memorysetup-temp-allocator-size-job-worker=262144"
    "memorysetup-temp-allocator-size-preload-manager=33554432"
    "memorysetup-temp-allocator-size-nav-mesh-worker=65536"
    "memorysetup-temp-allocator-size-audio-worker=65536"
    "memorysetup-temp-allocator-size-cloud-worker=32768"
    "memorysetup-temp-allocator-size-gi-baking-worker=262144"
    "memorysetup-temp-allocator-size-gfx=262144"
Player connection [11116]  Target information:

Player connection [11116]  * "[IP] 192.168.1.105 [Port] 0 [Flags] 2 [Guid] 231430974 [EditorId] 231430974 [Version] 1048832 [Id] WindowsEditor(7,DESKTOP-2Q4J485) [Debug] 1 [PackageName] WindowsEditor [ProjectName] Editor" 

Player connection [11116] Host joined multi-casting on [225.0.0.222:54997]...
Player connection [11116] Host joined alternative multi-casting on [225.0.0.222:34997]...
[PhysX] Initialized MultithreadedTaskDispatcher with 4 workers.
Refreshing native plugins compatible for Editor in 0.00 ms, found 0 plugins.
Preloading 0 native plugins for Editor in 0.00 ms.
Initialize engine version: 2022.3.40f1 (cbdda657d2f0)
[Subsystems] Discovering subsystems at path C:/Program Files/Unity/Hub/Editor/2022.3.40f1/Editor/Data/Resources/UnitySubsystems
[Subsystems] Discovering subsystems at path C:/Users/DELL/Desktop/MyProject_Edacan_Kılıç/Cet372_Edacan_Kılıç/Assets
GfxDevice: creating device client; threaded=0; jobified=0
Direct3D:
    Version:  Direct3D 11.0 [level 11.0]
    Renderer: NVIDIA GeForce 820M (ID=0x1140)
    Vendor:   NVIDIA
    VRAM:     1999 MB
    Driver:   21.21.13.6909
Initialize mono
Mono path[0] = 'C:/Program Files/Unity/Hub/Editor/2022.3.40f1/Editor/Data/Managed'
Mono path[1] = 'C:/Program Files/Unity/Hub/Editor/2022.3.40f1/Editor/Data/MonoBleedingEdge/lib/mono/unityjit-win32'
Mono config path = 'C:/Program Files/Unity/Hub/Editor/2022.3.40f1/Editor/Data/MonoBleedingEdge/etc'
Using monoOptions --debugger-agent=transport=dt_socket,embedding=1,server=y,suspend=n,address=127.0.0.1:56376
Begin MonoManager ReloadAssembly
Registering precompiled unity dll's ...
Register platform support module: C:/Program Files/Unity/Hub/Editor/2022.3.40f1/Editor/Data/PlaybackEngines/WebGLSupport/UnityEditor.WebGL.Extensions.dll
Register platform support module: C:/Program Files/Unity/Hub/Editor/2022.3.40f1/Editor/Data/PlaybackEngines/WindowsStandaloneSupport/UnityEditor.WindowsStandalone.Extensions.dll
Registered in 0.041226 seconds.
- Loaded All Assemblies, in  1.280 seconds
Native extension for WindowsStandalone target not found
Native extension for WebGL target not found
Mono: successfully reloaded assembly
- Finished resetting the current domain, in  0.503 seconds
Domain Reload Profiling: 1771ms
	BeginReloadAssembly (659ms)
		ExecutionOrderSort (0ms)
		DisableScriptedObjects (0ms)
		BackupInstance (0ms)
		ReleaseScriptingObjects (0ms)
		CreateAndSetChildDomain (6ms)
	RebuildCommonClasses (98ms)
	RebuildNativeTypeToScriptingClass (28ms)
	initialDomainReloadingComplete (186ms)
	LoadAllAssembliesAndSetupDomain (297ms)
		LoadAssemblies (637ms)
		RebuildTransferFunctionScriptingTraits (0ms)
		AnalyzeDomain (290ms)
			TypeCache.Refresh (287ms)
				TypeCache.ScanAssembly (264ms)
			ScanForSourceGeneratedMonoScriptInfo (1ms)
			ResolveRequiredComponents (1ms)
	FinalizeReload (503ms)
		ReleaseScriptCaches (0ms)
		RebuildScriptCaches (0ms)
		SetupLoadedEditorAssemblies (418ms)
			LogAssemblyErrors (0ms)
			InitializePlatformSupportModulesInManaged (28ms)
			SetLoadedEditorAssemblies (12ms)
			RefreshPlugins (0ms)
			BeforeProcessingInitializeOnLoad (4ms)
			ProcessInitializeOnLoadAttributes (273ms)
			ProcessInitializeOnLoadMethodAttributes (101ms)
			AfterProcessingInitializeOnLoad (0ms)
			EditorAssembliesLoaded (0ms)
		ExecutionOrderSort2 (0ms)
		AwakeInstancesAfterBackupRestoration (0ms)
========================================================================
Worker process is ready to serve import requests
Caller must complete domain reload
Begin MonoManager ReloadAssembly
- Loaded All Assemblies, in  0.621 seconds
Native extension for WindowsStandalone target not found
Native extension for WebGL target not found
Mono: successfully reloaded assembly
- Finished resetting the current domain, in  0.766 seconds
Domain Reload Profiling: 1381ms
	BeginReloadAssembly (390ms)
		ExecutionOrderSort (0ms)
		DisableScriptedObjects (17ms)
		BackupInstance (0ms)
		ReleaseScriptingObjects (0ms)
		CreateAndSetChildDomain (40ms)
	RebuildCommonClasses (85ms)
	RebuildNativeTypeToScriptingClass (33ms)
	initialDomainReloadingComplete (79ms)
	LoadAllAssembliesAndSetupDomain (27ms)
		LoadAssemblies (256ms)
		RebuildTransferFunctionScriptingTraits (0ms)
		AnalyzeDomain (19ms)
			TypeCache.Refresh (11ms)
				TypeCache.ScanAssembly (5ms)
			ScanForSourceGeneratedMonoScriptInfo (2ms)
			ResolveRequiredComponents (5ms)
	FinalizeReload (767ms)
		ReleaseScriptCaches (0ms)
		RebuildScriptCaches (0ms)
		SetupLoadedEditorAssemblies (500ms)
			LogAssemblyErrors (0ms)
			InitializePlatformSupportModulesInManaged (36ms)
			SetLoadedEditorAssemblies (18ms)
			RefreshPlugins (0ms)
			BeforeProcessingInitializeOnLoad (92ms)
			ProcessInitializeOnLoadAttributes (268ms)
			ProcessInitializeOnLoadMethodAttributes (50ms)
			AfterProcessingInitializeOnLoad (37ms)
			EditorAssembliesLoaded (0ms)
		ExecutionOrderSort2 (0ms)
		AwakeInstancesAfterBackupRestoration (26ms)
Launched and connected shader compiler UnityShaderCompiler.exe after 0.11 seconds
Refreshing native plugins compatible for Editor in 0.00 ms, found 0 plugins.
Preloading 0 native plugins for Editor in 0.00 ms.
Unloading 245 Unused Serialized files (Serialized files now loaded: 0)
Unloading 3 unused Assets / (49.3 KB). Loaded Objects now: 717.
Memory consumption went from 54.0 MB to 54.0 MB.
Total: 7.020300 ms (FindLiveObjects: 0.219200 ms CreateObjectMapping: 0.159800 ms MarkObjects: 6.467800 ms  DeleteObjects: 0.171200 ms)

AssetImportParameters requested are different than current active one (requested -> active):
  custom:video-encoder-webm-vp8: eb34c28f22e8b96e1ab97ce403110664 -> 
  custom:video-decoder-webm-vp8: 9c59270c3fd7afecdb556c50c9e8de78 -> 
  custom:audio-decoder-ogg-vorbis: bf7c407c2cedff20999df2af8eb42d56 -> 
  custom:video-decoder-ogg-theora: a1e56fd34408186e4bbccfd4996cb3dc -> 
  custom:audio-encoder-webm-vorbis: bf7c407c2cedff20999df2af8eb42d56 -> 
  custom:container-demuxer-webm: 4f35f7cbe854078d1ac9338744f61a02 -> 
  custom:SearchIndexIgnoredProperties: e643bd26f0fe6173181afceb89e7c659 -> 
  custom:container-muxer-webm: aa71ff27fc2769a1b78a27578f13a17b -> 
  custom:container-demuxer-ogg: 62fdf1f143b41e24485cea50d1cbac27 -> 
  custom:AudioImporter_EditorPlatform: d09bf68614088b80899f8185d706f6e7 -> 
  custom:CustomObjectIndexerAttribute: 9a22284fe3817be447336de3de66b15e -> 
  custom:framework-win-MediaFoundation: 216162199b28c13a410421893ffa2e32 -> 
========================================================================
Received Import Request.
  Time since last request: 242714.995305 seconds.
  path: Assets/EdacanKılıçFinalProjectCET372/Dikdortgen/dikdortgenprizma2.unity
  artifactKey: Guid(5ba185acaed087a46a7c935f7b3bf566) Importer(815301076,1909f56bfc062723c751e8b465ee728b)
Start importing Assets/EdacanKılıçFinalProjectCET372/Dikdortgen/dikdortgenprizma2.unity using Guid(5ba185acaed087a46a7c935f7b3bf566) Importer(815301076,1909f56bfc062723c751e8b465ee728b) [PhysX] Initialized MultithreadedTaskDispatcher with 4 workers.
 -> (artifact id: 'ddc3f1e70693585ed49a8d56a59531a0') in 0.008917 seconds
Number of updated asset objects reloaded before import = 0
Number of asset objects unloaded after import = 0
========================================================================
Received Import Request.
  Time since last request: 36.698292 seconds.
  path: Assets/images/2kurdeleli3gendik.png
  artifactKey: Guid(48d7bccdf9ae853479505b25a0fc05d3) Importer(815301076,1909f56bfc062723c751e8b465ee728b)
Start importing Assets/images/2kurdeleli3gendik.png using Guid(48d7bccdf9ae853479505b25a0fc05d3) Importer(815301076,1909f56bfc062723c751e8b465ee728b) [PhysX] Initialized MultithreadedTaskDispatcher with 4 workers.
[PhysX] Initialized MultithreadedTaskDispatcher with 4 workers.
 -> (artifact id: '40ee00671d7e7d5d0165a9a6518ead13') in 0.684134 seconds
Number of updated asset objects reloaded before import = 0
Number of asset objects unloaded after import = 3
========================================================================
Received Import Request.
  Time since last request: 0.000045 seconds.
  path: Assets/images/3gen1 1.png
  artifactKey: Guid(ccd9d09ca72957642a9ddeb76169cf54) Importer(815301076,1909f56bfc062723c751e8b465ee728b)
Start importing Assets/images/3gen1 1.png using Guid(ccd9d09ca72957642a9ddeb76169cf54) Importer(815301076,1909f56bfc062723c751e8b465ee728b) [PhysX] Initialized MultithreadedTaskDispatcher with 4 workers.
[PhysX] Initialized MultithreadedTaskDispatcher with 4 workers.
 -> (artifact id: 'ac8889ae1da839a0531a03e550d51066') in 0.119296 seconds
Number of updated asset objects reloaded before import = 0
Number of asset objects unloaded after import = 3
========================================================================
Received Import Request.
  Time since last request: 0.002314 seconds.
  path: Assets/images/bant2.png
  artifactKey: Guid(45912dd2a5a34d6438a488899b702120) Importer(815301076,1909f56bfc062723c751e8b465ee728b)
Start importing Assets/images/bant2.png using Guid(45912dd2a5a34d6438a488899b702120) Importer(815301076,1909f56bfc062723c751e8b465ee728b) [PhysX] Initialized MultithreadedTaskDispatcher with 4 workers.
[PhysX] Initialized MultithreadedTaskDispatcher with 4 workers.
 -> (artifact id: 'cd821583b1671ffb7ab8fe09d0122a42') in 0.044427 seconds
Number of updated asset objects reloaded before import = 0
Number of asset objects unloaded after import = 3
========================================================================
Received Import Request.
  Time since last request: 0.000036 seconds.
  path: Assets/images/4lübesgen.png
  artifactKey: Guid(266ddc0cdf4d6524b872389b820842da) Importer(815301076,1909f56bfc062723c751e8b465ee728b)
Start importing Assets/images/4lübesgen.png using Guid(266ddc0cdf4d6524b872389b820842da) Importer(815301076,1909f56bfc062723c751e8b465ee728b) [PhysX] Initialized MultithreadedTaskDispatcher with 4 workers.
[PhysX] Initialized MultithreadedTaskDispatcher with 4 workers.
 -> (artifact id: 'cf3cda6fe7d8b42bcf7189a0b965977e') in 0.032021 seconds
Number of updated asset objects reloaded before import = 0
Number of asset objects unloaded after import = 3
========================================================================
Received Import Request.
  Time since last request: 0.000059 seconds.
  path: Assets/images/altıgenbos.png
  artifactKey: Guid(32727e70f881ef147b6bf39e65793e89) Importer(815301076,1909f56bfc062723c751e8b465ee728b)
Start importing Assets/images/altıgenbos.png using Guid(32727e70f881ef147b6bf39e65793e89) Importer(815301076,1909f56bfc062723c751e8b465ee728b) [PhysX] Initialized MultithreadedTaskDispatcher with 4 workers.
[PhysX] Initialized MultithreadedTaskDispatcher with 4 workers.
 -> (artifact id: '45e0a2aa55fdc26e72f4a90ae5312d47') in 0.035288 seconds
Number of updated asset objects reloaded before import = 0
Number of asset objects unloaded after import = 3
========================================================================
Received Import Request.
  Time since last request: 0.000040 seconds.
  path: Assets/images/besgenyesil.png
  artifactKey: Guid(c0de5bea761ef8b4bba5e58066aa9b46) Importer(815301076,1909f56bfc062723c751e8b465ee728b)
Start importing Assets/images/besgenyesil.png using Guid(c0de5bea761ef8b4bba5e58066aa9b46) Importer(815301076,1909f56bfc062723c751e8b465ee728b) [PhysX] Initialized MultithreadedTaskDispatcher with 4 workers.
[PhysX] Initialized MultithreadedTaskDispatcher with 4 workers.
 -> (artifact id: 'dcd3325afc479b14f14b0f993307f16e') in 0.033525 seconds
Number of updated asset objects reloaded before import = 0
Number of asset objects unloaded after import = 3
========================================================================
Received Import Request.
  Time since last request: 0.000047 seconds.
  path: Assets/images/altıgenyesil.png
  artifactKey: Guid(24cd3d41d90a31d49ae0e7e50573b05b) Importer(815301076,1909f56bfc062723c751e8b465ee728b)
Start importing Assets/images/altıgenyesil.png using Guid(24cd3d41d90a31d49ae0e7e50573b05b) Importer(815301076,1909f56bfc062723c751e8b465ee728b) [PhysX] Initialized MultithreadedTaskDispatcher with 4 workers.
[PhysX] Initialized MultithreadedTaskDispatcher with 4 workers.
 -> (artifact id: '4244e423aaa43cb23c6d055012bb939a') in 0.045061 seconds
Number of updated asset objects reloaded before import = 0
Number of asset objects unloaded after import = 3
========================================================================
Received Import Request.
  Time since last request: 0.000600 seconds.
  path: Assets/images/3gen3.png
  artifactKey: Guid(e70fc39387a4d7344882a2b3a4f3d8a2) Importer(815301076,1909f56bfc062723c751e8b465ee728b)
Start importing Assets/images/3gen3.png using Guid(e70fc39387a4d7344882a2b3a4f3d8a2) Importer(815301076,1909f56bfc062723c751e8b465ee728b) [PhysX] Initialized MultithreadedTaskDispatcher with 4 workers.
[PhysX] Initialized MultithreadedTaskDispatcher with 4 workers.
 -> (artifact id: '0be3ff97b310728da201d4df56c539f9') in 0.033142 seconds
Number of updated asset objects reloaded before import = 0
Number of asset objects unloaded after import = 3
========================================================================
Received Import Request.
  Time since last request: 0.000125 seconds.
  path: Assets/images/arka2.jpg
  artifactKey: Guid(a17cd11e0e671ba4584bdfea2ec6f691) Importer(815301076,1909f56bfc062723c751e8b465ee728b)
Start importing Assets/images/arka2.jpg using Guid(a17cd11e0e671ba4584bdfea2ec6f691) Importer(815301076,1909f56bfc062723c751e8b465ee728b) [PhysX] Initialized MultithreadedTaskDispatcher with 4 workers.
[PhysX] Initialized MultithreadedTaskDispatcher with 4 workers.
 -> (artifact id: 'be611d2fdf8f7e194088d19b93106b66') in 0.053690 seconds
Number of updated asset objects reloaded before import = 0
Number of asset objects unloaded after import = 3
========================================================================
Received Import Request.
  Time since last request: 0.000150 seconds.
  path: Assets/images/arti4.png
  artifactKey: Guid(57808737421ec794e9b6553c066ad0a4) Importer(815301076,1909f56bfc062723c751e8b465ee728b)
Start importing Assets/images/arti4.png using Guid(57808737421ec794e9b6553c066ad0a4) Importer(815301076,1909f56bfc062723c751e8b465ee728b) [PhysX] Initialized MultithreadedTaskDispatcher with 4 workers.
[PhysX] Initialized MultithreadedTaskDispatcher with 4 workers.
 -> (artifact id: '818a32ac78f3ef310d5d03ec57dad040') in 0.026745 seconds
Number of updated asset objects reloaded before import = 0
Number of asset objects unloaded after import = 3
========================================================================
Received Import Request.
  Time since last request: 0.000055 seconds.
  path: Assets/images/besgenkurdeleli.png
  artifactKey: Guid(6ec61fc088c848b4c98661a516854f05) Importer(815301076,1909f56bfc062723c751e8b465ee728b)
Start importing Assets/images/besgenkurdeleli.png using Guid(6ec61fc088c848b4c98661a516854f05) Importer(815301076,1909f56bfc062723c751e8b465ee728b) [PhysX] Initialized MultithreadedTaskDispatcher with 4 workers.
[PhysX] Initialized MultithreadedTaskDispatcher with 4 workers.
 -> (artifact id: 'e75a8dcebeb4b00565a9ced70672785b') in 0.032724 seconds
Number of updated asset objects reloaded before import = 0
Number of asset objects unloaded after import = 3
========================================================================
Received Import Request.
  Time since last request: 0.000033 seconds.
  path: Assets/images/bck 1.jpg
  artifactKey: Guid(94c059d1be142c14993bb9ccdfbe7dfb) Importer(815301076,1909f56bfc062723c751e8b465ee728b)
Start importing Assets/images/bck 1.jpg using Guid(94c059d1be142c14993bb9ccdfbe7dfb) Importer(815301076,1909f56bfc062723c751e8b465ee728b) [PhysX] Initialized MultithreadedTaskDispatcher with 4 workers.
[PhysX] Initialized MultithreadedTaskDispatcher with 4 workers.
 -> (artifact id: '625519c5491ae3aa27bdc0996195287f') in 0.056718 seconds
Number of updated asset objects reloaded before import = 0
Number of asset objects unloaded after import = 3
========================================================================
Received Import Request.
  Time since last request: 0.000033 seconds.
  path: Assets/images/berkKafa.png
  artifactKey: Guid(f540718de858b2240a8f598ee969cb79) Importer(815301076,1909f56bfc062723c751e8b465ee728b)
Start importing Assets/images/berkKafa.png using Guid(f540718de858b2240a8f598ee969cb79) Importer(815301076,1909f56bfc062723c751e8b465ee728b) [PhysX] Initialized MultithreadedTaskDispatcher with 4 workers.
[PhysX] Initialized MultithreadedTaskDispatcher with 4 workers.
 -> (artifact id: 'f2c14ba5954d77a3c296a89fbca1bdb3') in 0.018464 seconds
Number of updated asset objects reloaded before import = 0
Number of asset objects unloaded after import = 3
========================================================================
Received Import Request.
  Time since last request: 0.000031 seconds.
  path: Assets/images/abcliucgen.png
  artifactKey: Guid(3fb9eb6eaea991d4691421022933a73e) Importer(815301076,1909f56bfc062723c751e8b465ee728b)
Start importing Assets/images/abcliucgen.png using Guid(3fb9eb6eaea991d4691421022933a73e) Importer(815301076,1909f56bfc062723c751e8b465ee728b) [PhysX] Initialized MultithreadedTaskDispatcher with 4 workers.
[PhysX] Initialized MultithreadedTaskDispatcher with 4 workers.
 -> (artifact id: '9fdef597eeca9a8fb9b444c3cfb046ea') in 0.033364 seconds
Number of updated asset objects reloaded before import = 0
Number of asset objects unloaded after import = 3
========================================================================
Received Import Request.
  Time since last request: 0.000041 seconds.
  path: Assets/images/besgenacik.png
  artifactKey: Guid(bf8da5a3e62b1df4384f07adf87a0bd6) Importer(815301076,1909f56bfc062723c751e8b465ee728b)
Start importing Assets/images/besgenacik.png using Guid(bf8da5a3e62b1df4384f07adf87a0bd6) Importer(815301076,1909f56bfc062723c751e8b465ee728b) [PhysX] Initialized MultithreadedTaskDispatcher with 4 workers.
[PhysX] Initialized MultithreadedTaskDispatcher with 4 workers.
 -> (artifact id: '5cff64df0285cb63b4fbf31a981afc8c') in 0.058448 seconds
Number of updated asset objects reloaded before import = 0
Number of asset objects unloaded after import = 3
========================================================================
Received Import Request.
  Time since last request: 0.000062 seconds.
  path: Assets/images/bck.jpg
  artifactKey: Guid(950dd6592148d0a42b059ec2321072ff) Importer(815301076,1909f56bfc062723c751e8b465ee728b)
Start importing Assets/images/bck.jpg using Guid(950dd6592148d0a42b059ec2321072ff) Importer(815301076,1909f56bfc062723c751e8b465ee728b) [PhysX] Initialized MultithreadedTaskDispatcher with 4 workers.
[PhysX] Initialized MultithreadedTaskDispatcher with 4 workers.
 -> (artifact id: 'b63580fdc39aeac3c6adc7d8c3b26a74') in 0.033948 seconds
Number of updated asset objects reloaded before import = 0
Number of asset objects unloaded after import = 3
========================================================================
Received Import Request.
  Time since last request: 0.000027 seconds.
  path: Assets/images/amor.png
  artifactKey: Guid(8a192719c5b4ecc4693b619a100920b9) Importer(815301076,1909f56bfc062723c751e8b465ee728b)
Start importing Assets/images/amor.png using Guid(8a192719c5b4ecc4693b619a100920b9) Importer(815301076,1909f56bfc062723c751e8b465ee728b) [PhysX] Initialized MultithreadedTaskDispatcher with 4 workers.
[PhysX] Initialized MultithreadedTaskDispatcher with 4 workers.
 -> (artifact id: 'd6240f4f42c5abdbfcf2b165095cadf3') in 0.018347 seconds
Number of updated asset objects reloaded before import = 0
Number of asset objects unloaded after import = 3
========================================================================
Received Import Request.
  Time since last request: 0.000033 seconds.
  path: Assets/images/besgenpembe.png
  artifactKey: Guid(cf5a196c3d513db41af7fbfbbd22860f) Importer(815301076,1909f56bfc062723c751e8b465ee728b)
Start importing Assets/images/besgenpembe.png using Guid(cf5a196c3d513db41af7fbfbbd22860f) Importer(815301076,1909f56bfc062723c751e8b465ee728b) [PhysX] Initialized MultithreadedTaskDispatcher with 4 workers.
[PhysX] Initialized MultithreadedTaskDispatcher with 4 workers.
 -> (artifact id: '0b46da4f4daeaf49b89616d5ac1b8473') in 0.024692 seconds
Number of updated asset objects reloaded before import = 0
Number of asset objects unloaded after import = 3
========================================================================
Received Import Request.
  Time since last request: 0.000051 seconds.
  path: Assets/images/berk.png
  artifactKey: Guid(d09e946d800cdfb46b40218e21f02ebc) Importer(815301076,1909f56bfc062723c751e8b465ee728b)
Start importing Assets/images/berk.png using Guid(d09e946d800cdfb46b40218e21f02ebc) Importer(815301076,1909f56bfc062723c751e8b465ee728b) [PhysX] Initialized MultithreadedTaskDispatcher with 4 workers.
[PhysX] Initialized MultithreadedTaskDispatcher with 4 workers.
 -> (artifact id: 'aa15662b656f0f7a1c4e458d9d3b4121') in 0.015424 seconds
Number of updated asset objects reloaded before import = 0
Number of asset objects unloaded after import = 3
========================================================================
Received Import Request.
  Time since last request: 0.000104 seconds.
  path: Assets/images/3gen1isimli.png
  artifactKey: Guid(06264b185bbb1fe46bfc530064cfe878) Importer(815301076,1909f56bfc062723c751e8b465ee728b)
Start importing Assets/images/3gen1isimli.png using Guid(06264b185bbb1fe46bfc530064cfe878) Importer(815301076,1909f56bfc062723c751e8b465ee728b) [PhysX] Initialized MultithreadedTaskDispatcher with 4 workers.
[PhysX] Initialized MultithreadedTaskDispatcher with 4 workers.
 -> (artifact id: 'c79a92d1b6adab5560755882714e68ab') in 0.025022 seconds
Number of updated asset objects reloaded before import = 0
Number of asset objects unloaded after import = 3
========================================================================
Received Import Request.
  Time since last request: 0.000049 seconds.
  path: Assets/images/Adsız_Resim.png
  artifactKey: Guid(deb44c07c8332c44d9bab387a9d9a51e) Importer(815301076,1909f56bfc062723c751e8b465ee728b)
Start importing Assets/images/Adsız_Resim.png using Guid(deb44c07c8332c44d9bab387a9d9a51e) Importer(815301076,1909f56bfc062723c751e8b465ee728b) [PhysX] Initialized MultithreadedTaskDispatcher with 4 workers.
[PhysX] Initialized MultithreadedTaskDispatcher with 4 workers.
 -> (artifact id: '0575b08bbe75143901f3df34d56a3c5a') in 0.033428 seconds
Number of updated asset objects reloaded before import = 0
Number of asset objects unloaded after import = 3
========================================================================
Received Import Request.
  Time since last request: 0.000030 seconds.
  path: Assets/images/ayesil.png
  artifactKey: Guid(04cca4b54ba5bf247b8599e55eab99c2) Importer(815301076,1909f56bfc062723c751e8b465ee728b)
Start importing Assets/images/ayesil.png using Guid(04cca4b54ba5bf247b8599e55eab99c2) Importer(815301076,1909f56bfc062723c751e8b465ee728b) [PhysX] Initialized MultithreadedTaskDispatcher with 4 workers.
[PhysX] Initialized MultithreadedTaskDispatcher with 4 workers.
 -> (artifact id: '981e7c7924f256ff70bbda7273c9404b') in 0.013732 seconds
Number of updated asset objects reloaded before import = 0
Number of asset objects unloaded after import = 3
========================================================================
Received Import Request.
  Time since last request: 0.000036 seconds.
  path: Assets/images/aharfi.png
  artifactKey: Guid(16bcdfaecbd4e8848939d57221b73d00) Importer(815301076,1909f56bfc062723c751e8b465ee728b)
Start importing Assets/images/aharfi.png using Guid(16bcdfaecbd4e8848939d57221b73d00) Importer(815301076,1909f56bfc062723c751e8b465ee728b) [PhysX] Initialized MultithreadedTaskDispatcher with 4 workers.
[PhysX] Initialized MultithreadedTaskDispatcher with 4 workers.
 -> (artifact id: 'a82d4fe522fbc286078ae68f7fb37822') in 0.016801 seconds
Number of updated asset objects reloaded before import = 0
Number of asset objects unloaded after import = 3
========================================================================
Received Import Request.
  Time since last request: 0.000091 seconds.
  path: Assets/images/altıgenmor.png
  artifactKey: Guid(a085e610ad2ccdf418536bb901251cc7) Importer(815301076,1909f56bfc062723c751e8b465ee728b)
Start importing Assets/images/altıgenmor.png using Guid(a085e610ad2ccdf418536bb901251cc7) Importer(815301076,1909f56bfc062723c751e8b465ee728b) [PhysX] Initialized MultithreadedTaskDispatcher with 4 workers.
[PhysX] Initialized MultithreadedTaskDispatcher with 4 workers.
 -> (artifact id: '8b4facf9d933b167979e4a11b88bab8e') in 0.025784 seconds
Number of updated asset objects reloaded before import = 0
Number of asset objects unloaded after import = 3
========================================================================
Received Import Request.
  Time since last request: 0.000031 seconds.
  path: Assets/images/bbb.png
  artifactKey: Guid(24f56456b86e42743b959a1e6d0bb832) Importer(815301076,1909f56bfc062723c751e8b465ee728b)
Start importing Assets/images/bbb.png using Guid(24f56456b86e42743b959a1e6d0bb832) Importer(815301076,1909f56bfc062723c751e8b465ee728b) [PhysX] Initialized MultithreadedTaskDispatcher with 4 workers.
[PhysX] Initialized MultithreadedTaskDispatcher with 4 workers.
 -> (artifact id: '74a78423e7c70c6fc929203667d40bd7') in 0.017623 seconds
Number of updated asset objects reloaded before import = 0
Number of asset objects unloaded after import = 3
========================================================================
Received Import Request.
  Time since last request: 0.000053 seconds.
  path: Assets/images/bbharfi.png
  artifactKey: Guid(4374ba90567ee1640b9fe5dd72ced045) Importer(815301076,1909f56bfc062723c751e8b465ee728b)
Start importing Assets/images/bbharfi.png using Guid(4374ba90567ee1640b9fe5dd72ced045) Importer(815301076,1909f56bfc062723c751e8b465ee728b) [PhysX] Initialized MultithreadedTaskDispatcher with 4 workers.
[PhysX] Initialized MultithreadedTaskDispatcher with 4 workers.
 -> (artifact id: 'b8f5ee2509e316ec2173846390476ce4') in 0.019140 seconds
Number of updated asset objects reloaded before import = 0
Number of asset objects unloaded after import = 3
========================================================================
Received Import Request.
  Time since last request: 0.000056 seconds.
  path: Assets/images/arti2.png
  artifactKey: Guid(a2d7c8d2f40a045479e165ddccd79b8f) Importer(815301076,1909f56bfc062723c751e8b465ee728b)
Start importing Assets/images/arti2.png using Guid(a2d7c8d2f40a045479e165ddccd79b8f) Importer(815301076,1909f56bfc062723c751e8b465ee728b) [PhysX] Initialized MultithreadedTaskDispatcher with 4 workers.
[PhysX] Initialized MultithreadedTaskDispatcher with 4 workers.
 -> (artifact id: 'b74b25f09eeec35c1b8625d5613c97eb') in 0.016694 seconds
Number of updated asset objects reloaded before import = 0
Number of asset objects unloaded after import = 3
========================================================================
Received Import Request.
  Time since last request: 0.000034 seconds.
  path: Assets/images/ay.png
  artifactKey: Guid(c05944b12b982004a8bc19e1c1ed2df1) Importer(815301076,1909f56bfc062723c751e8b465ee728b)
Start importing Assets/images/ay.png using Guid(c05944b12b982004a8bc19e1c1ed2df1) Importer(815301076,1909f56bfc062723c751e8b465ee728b) [PhysX] Initialized MultithreadedTaskDispatcher with 4 workers.
[PhysX] Initialized MultithreadedTaskDispatcher with 4 workers.
 -> (artifact id: '535c108512ef3c24f11ed9c41649a7bd') in 0.018653 seconds
Number of updated asset objects reloaded before import = 0
Number of asset objects unloaded after import = 3
========================================================================
Received Import Request.
  Time since last request: 0.000038 seconds.
  path: Assets/images/besgenprizm.png
  artifactKey: Guid(a04350d5fc6f281418d4258d17dbf3f9) Importer(815301076,1909f56bfc062723c751e8b465ee728b)
Start importing Assets/images/besgenprizm.png using Guid(a04350d5fc6f281418d4258d17dbf3f9) Importer(815301076,1909f56bfc062723c751e8b465ee728b) [PhysX] Initialized MultithreadedTaskDispatcher with 4 workers.
[PhysX] Initialized MultithreadedTaskDispatcher with 4 workers.
 -> (artifact id: '660cb584d6a366f763195a29b193106d') in 0.024837 seconds
Number of updated asset objects reloaded before import = 0
Number of asset objects unloaded after import = 3
========================================================================
Received Import Request.
  Time since last request: 0.000037 seconds.
  path: Assets/images/aedbesgen.png
  artifactKey: Guid(034577ee6681b2642b6cb7ba6e0fc10e) Importer(815301076,1909f56bfc062723c751e8b465ee728b)
Start importing Assets/images/aedbesgen.png using Guid(034577ee6681b2642b6cb7ba6e0fc10e) Importer(815301076,1909f56bfc062723c751e8b465ee728b) [PhysX] Initialized MultithreadedTaskDispatcher with 4 workers.
[PhysX] Initialized MultithreadedTaskDispatcher with 4 workers.
 -> (artifact id: '674ac2f3689525e9c89f4010c2f47b38') in 0.026595 seconds
Number of updated asset objects reloaded before import = 0
Number of asset objects unloaded after import = 3
========================================================================
Received Import Request.
  Time since last request: 0.000033 seconds.
  path: Assets/images/Adsız_Resim2.png
  artifactKey: Guid(26359baa9d8806f43b50263af2f41f1e) Importer(815301076,1909f56bfc062723c751e8b465ee728b)
Start importing Assets/images/Adsız_Resim2.png using Guid(26359baa9d8806f43b50263af2f41f1e) Importer(815301076,1909f56bfc062723c751e8b465ee728b) [PhysX] Initialized MultithreadedTaskDispatcher with 4 workers.
[PhysX] Initialized MultithreadedTaskDispatcher with 4 workers.
 -> (artifact id: '7d43a38e4e9e27e182779792583cbe1f') in 0.036804 seconds
Number of updated asset objects reloaded before import = 0
Number of asset objects unloaded after import = 3
========================================================================
Received Import Request.
  Time since last request: 0.000041 seconds.
  path: Assets/images/altıgentablo.png
  artifactKey: Guid(c8981b512b04f7f43ad685f410ddd388) Importer(815301076,1909f56bfc062723c751e8b465ee728b)
Start importing Assets/images/altıgentablo.png using Guid(c8981b512b04f7f43ad685f410ddd388) Importer(815301076,1909f56bfc062723c751e8b465ee728b) [PhysX] Initialized MultithreadedTaskDispatcher with 4 workers.
[PhysX] Initialized MultithreadedTaskDispatcher with 4 workers.
 -> (artifact id: '1fb16dab6eb0de2cf3a72632fd1c4bf1') in 0.028686 seconds
Number of updated asset objects reloaded before import = 0
Number of asset objects unloaded after import = 3
========================================================================
Received Import Request.
  Time since last request: 0.000035 seconds.
  path: Assets/images/arti3.png
  artifactKey: Guid(26d64606cd8f46c41a36011c87e4563c) Importer(815301076,1909f56bfc062723c751e8b465ee728b)
Start importing Assets/images/arti3.png using Guid(26d64606cd8f46c41a36011c87e4563c) Importer(815301076,1909f56bfc062723c751e8b465ee728b) [PhysX] Initialized MultithreadedTaskDispatcher with 4 workers.
[PhysX] Initialized MultithreadedTaskDispatcher with 4 workers.
 -> (artifact id: 'a856e88607746c7c0eba10d3727e893a') in 0.016477 seconds
Number of updated asset objects reloaded before import = 0
Number of asset objects unloaded after import = 3
========================================================================
Received Import Request.
  Time since last request: 0.000034 seconds.
  path: Assets/images/atölyeler - Kopya.jpg
  artifactKey: Guid(6e9cf5018d8059e439612d31462c149e) Importer(815301076,1909f56bfc062723c751e8b465ee728b)
Start importing Assets/images/atölyeler - Kopya.jpg using Guid(6e9cf5018d8059e439612d31462c149e) Importer(815301076,1909f56bfc062723c751e8b465ee728b) [PhysX] Initialized MultithreadedTaskDispatcher with 4 workers.
[PhysX] Initialized MultithreadedTaskDispatcher with 4 workers.
 -> (artifact id: '5c65a9630afadcaeca39ef76880d8ac6') in 0.082670 seconds
Number of updated asset objects reloaded before import = 0
Number of asset objects unloaded after import = 3
========================================================================
Received Import Request.
  Time since last request: 0.000109 seconds.
  path: Assets/images/artisekli.png
  artifactKey: Guid(26ba298e6fd682b4bbefc1e75e81a927) Importer(815301076,1909f56bfc062723c751e8b465ee728b)
Start importing Assets/images/artisekli.png using Guid(26ba298e6fd682b4bbefc1e75e81a927) Importer(815301076,1909f56bfc062723c751e8b465ee728b) [PhysX] Initialized MultithreadedTaskDispatcher with 4 workers.
[PhysX] Initialized MultithreadedTaskDispatcher with 4 workers.
 -> (artifact id: 'c0baa3205954792b62471b3f2f366fb3') in 0.025151 seconds
Number of updated asset objects reloaded before import = 0
Number of asset objects unloaded after import = 3
========================================================================
Received Import Request.
  Time since last request: 0.001313 seconds.
  path: Assets/images/aaa.png
  artifactKey: Guid(9f7388d9d0aaa1c4d987452a60d6e877) Importer(815301076,1909f56bfc062723c751e8b465ee728b)
Start importing Assets/images/aaa.png using Guid(9f7388d9d0aaa1c4d987452a60d6e877) Importer(815301076,1909f56bfc062723c751e8b465ee728b) [PhysX] Initialized MultithreadedTaskDispatcher with 4 workers.
[PhysX] Initialized MultithreadedTaskDispatcher with 4 workers.
 -> (artifact id: '37bc00e10a78b3cc9ba5baf72faba70c') in 0.038801 seconds
Number of updated asset objects reloaded before import = 0
Number of asset objects unloaded after import = 3
========================================================================
Received Import Request.
  Time since last request: 0.000124 seconds.
  path: Assets/images/3genyanalisimli.png
  artifactKey: Guid(d32cc4294e7c7f44a805b122e5841d85) Importer(815301076,1909f56bfc062723c751e8b465ee728b)
Start importing Assets/images/3genyanalisimli.png using Guid(d32cc4294e7c7f44a805b122e5841d85) Importer(815301076,1909f56bfc062723c751e8b465ee728b) [PhysX] Initialized MultithreadedTaskDispatcher with 4 workers.
[PhysX] Initialized MultithreadedTaskDispatcher with 4 workers.
 -> (artifact id: '48bddecea4bf0d1f3068616cde9355d3') in 0.044693 seconds
Number of updated asset objects reloaded before import = 0
Number of asset objects unloaded after import = 3
========================================================================
Received Import Request.
  Time since last request: 0.000039 seconds.
  path: Assets/images/altıgenacık.png
  artifactKey: Guid(389ee54103aa2a744975129aad5357ec) Importer(815301076,1909f56bfc062723c751e8b465ee728b)
Start importing Assets/images/altıgenacık.png using Guid(389ee54103aa2a744975129aad5357ec) Importer(815301076,1909f56bfc062723c751e8b465ee728b) [PhysX] Initialized MultithreadedTaskDispatcher with 4 workers.
[PhysX] Initialized MultithreadedTaskDispatcher with 4 workers.
 -> (artifact id: 'b50ca0da62c63a6e34d52ddcc2c44715') in 0.063136 seconds
Number of updated asset objects reloaded before import = 0
Number of asset objects unloaded after import = 3
========================================================================
Received Import Request.
  Time since last request: 0.000767 seconds.
  path: Assets/images/abc3dik.png
  artifactKey: Guid(ef509607b3ea0cd46a312891e800484d) Importer(815301076,1909f56bfc062723c751e8b465ee728b)
Start importing Assets/images/abc3dik.png using Guid(ef509607b3ea0cd46a312891e800484d) Importer(815301076,1909f56bfc062723c751e8b465ee728b) [PhysX] Initialized MultithreadedTaskDispatcher with 4 workers.
[PhysX] Initialized MultithreadedTaskDispatcher with 4 workers.
 -> (artifact id: 'd268922cefa6908adcb1ec5af921d93c') in 0.041328 seconds
Number of updated asset objects reloaded before import = 0
Number of asset objects unloaded after import = 3
========================================================================
Received Import Request.
  Time since last request: 0.000032 seconds.
  path: Assets/images/buyutecliversiyon.png
  artifactKey: Guid(d6bdf11e19fdcfc4f8e081ed6401a588) Importer(815301076,1909f56bfc062723c751e8b465ee728b)
Start importing Assets/images/buyutecliversiyon.png using Guid(d6bdf11e19fdcfc4f8e081ed6401a588) Importer(815301076,1909f56bfc062723c751e8b465ee728b) [PhysX] Initialized MultithreadedTaskDispatcher with 4 workers.
[PhysX] Initialized MultithreadedTaskDispatcher with 4 workers.
 -> (artifact id: '3750bdf0c4ddf93982e35fc03391960d') in 0.024649 seconds
Number of updated asset objects reloaded before import = 0
Number of asset objects unloaded after import = 3
========================================================================
Received Import Request.
  Time since last request: 0.000058 seconds.
  path: Assets/images/abcucgen.png
  artifactKey: Guid(3d3410fc86e59e1478ce059dfb14ce36) Importer(815301076,1909f56bfc062723c751e8b465ee728b)
Start importing Assets/images/abcucgen.png using Guid(3d3410fc86e59e1478ce059dfb14ce36) Importer(815301076,1909f56bfc062723c751e8b465ee728b) [PhysX] Initialized MultithreadedTaskDispatcher with 4 workers.
[PhysX] Initialized MultithreadedTaskDispatcher with 4 workers.
 -> (artifact id: '3d64064fe695f38eb7abff93891e9386') in 0.038365 seconds
Number of updated asset objects reloaded before import = 0
Number of asset objects unloaded after import = 3
========================================================================
Received Import Request.
  Time since last request: 0.000082 seconds.
  path: Assets/images/besgentablo.png
  artifactKey: Guid(2ea2a678f8cbebe4c899c87a8eb3bb27) Importer(815301076,1909f56bfc062723c751e8b465ee728b)
Start importing Assets/images/besgentablo.png using Guid(2ea2a678f8cbebe4c899c87a8eb3bb27) Importer(815301076,1909f56bfc062723c751e8b465ee728b) [PhysX] Initialized MultithreadedTaskDispatcher with 4 workers.
[PhysX] Initialized MultithreadedTaskDispatcher with 4 workers.
 -> (artifact id: '1336328d0caf7626f52e6cb547e13439') in 0.684061 seconds
Number of updated asset objects reloaded before import = 0
Number of asset objects unloaded after import = 3
========================================================================
Received Import Request.
  Time since last request: 0.000055 seconds.
  path: Assets/images/ayliucgen.png
  artifactKey: Guid(805134d1c54824e4e9f6fda2bf298f1f) Importer(815301076,1909f56bfc062723c751e8b465ee728b)
Start importing Assets/images/ayliucgen.png using Guid(805134d1c54824e4e9f6fda2bf298f1f) Importer(815301076,1909f56bfc062723c751e8b465ee728b) [PhysX] Initialized MultithreadedTaskDispatcher with 4 workers.
[PhysX] Initialized MultithreadedTaskDispatcher with 4 workers.
 -> (artifact id: '8a7976a323273b27527f9baee0f6dd8f') in 0.178019 seconds
Number of updated asset objects reloaded before import = 0
Number of asset objects unloaded after import = 3
========================================================================
Received Import Request.
  Time since last request: 0.000049 seconds.
  path: Assets/images/3gen2.png
  artifactKey: Guid(d613d5408f4d8654eb6f532468899a19) Importer(815301076,1909f56bfc062723c751e8b465ee728b)
Start importing Assets/images/3gen2.png using Guid(d613d5408f4d8654eb6f532468899a19) Importer(815301076,1909f56bfc062723c751e8b465ee728b) [PhysX] Initialized MultithreadedTaskDispatcher with 4 workers.
[PhysX] Initialized MultithreadedTaskDispatcher with 4 workers.
 -> (artifact id: '554425a58b9d46290cb5c7cdba9fa33e') in 0.040717 seconds
Number of updated asset objects reloaded before import = 0
Number of asset objects unloaded after import = 3
========================================================================
Received Import Request.
  Time since last request: 0.000138 seconds.
  path: Assets/images/bmor.png
  artifactKey: Guid(a7d21b37feab6a147a0595d1d91edc61) Importer(815301076,1909f56bfc062723c751e8b465ee728b)
Start importing Assets/images/bmor.png using Guid(a7d21b37feab6a147a0595d1d91edc61) Importer(815301076,1909f56bfc062723c751e8b465ee728b) [PhysX] Initialized MultithreadedTaskDispatcher with 4 workers.
[PhysX] Initialized MultithreadedTaskDispatcher with 4 workers.
 -> (artifact id: '07273f39714a12a91e2734001f1a2100') in 0.031439 seconds
Number of updated asset objects reloaded before import = 0
Number of asset objects unloaded after import = 3
========================================================================
Received Import Request.
  Time since last request: 0.000079 seconds.
  path: Assets/images/bantlibesgen.png
  artifactKey: Guid(42eb9581adfb14449b8e6f709713d285) Importer(815301076,1909f56bfc062723c751e8b465ee728b)
Start importing Assets/images/bantlibesgen.png using Guid(42eb9581adfb14449b8e6f709713d285) Importer(815301076,1909f56bfc062723c751e8b465ee728b) [PhysX] Initialized MultithreadedTaskDispatcher with 4 workers.
[PhysX] Initialized MultithreadedTaskDispatcher with 4 workers.
 -> (artifact id: '5fe3aa13c415ed423bc9e9a10173a798') in 0.050174 seconds
Number of updated asset objects reloaded before import = 0
Number of asset objects unloaded after import = 3
========================================================================
Received Prepare
Caller must complete domain reload
Begin MonoManager ReloadAssembly
- Loaded All Assemblies, in  1.147 seconds
Native extension for WindowsStandalone target not found
Native extension for WebGL target not found
Mono: successfully reloaded assembly
- Finished resetting the current domain, in  0.844 seconds
Domain Reload Profiling: 1983ms
	BeginReloadAssembly (904ms)
		ExecutionOrderSort (0ms)
		DisableScriptedObjects (13ms)
		BackupInstance (0ms)
		ReleaseScriptingObjects (0ms)
		CreateAndSetChildDomain (40ms)
	RebuildCommonClasses (107ms)
	RebuildNativeTypeToScriptingClass (34ms)
	initialDomainReloadingComplete (71ms)
	LoadAllAssembliesAndSetupDomain (24ms)
		LoadAssemblies (802ms)
		RebuildTransferFunctionScriptingTraits (0ms)
		AnalyzeDomain (15ms)
			TypeCache.Refresh (9ms)
				TypeCache.ScanAssembly (1ms)
			ScanForSourceGeneratedMonoScriptInfo (1ms)
			ResolveRequiredComponents (4ms)
	FinalizeReload (845ms)
		ReleaseScriptCaches (0ms)
		RebuildScriptCaches (0ms)
		SetupLoadedEditorAssemblies (555ms)
			LogAssemblyErrors (0ms)
			InitializePlatformSupportModulesInManaged (40ms)
			SetLoadedEditorAssemblies (20ms)
			RefreshPlugins (0ms)
			BeforeProcessingInitializeOnLoad (168ms)
			ProcessInitializeOnLoadAttributes (265ms)
			ProcessInitializeOnLoadMethodAttributes (35ms)
			AfterProcessingInitializeOnLoad (28ms)
			EditorAssembliesLoaded (0ms)
		ExecutionOrderSort2 (0ms)
		AwakeInstancesAfterBackupRestoration (25ms)
Refreshing native plugins compatible for Editor in 0.00 ms, found 0 plugins.
Preloading 0 native plugins for Editor in 0.00 ms.
Unloading 239 Unused Serialized files (Serialized files now loaded: 0)
Unloading 1 unused Assets / (22.8 KB). Loaded Objects now: 781.
Memory consumption went from 57.4 MB to 57.4 MB.
Total: 3.850600 ms (FindLiveObjects: 0.094900 ms CreateObjectMapping: 0.020700 ms MarkObjects: 3.701500 ms  DeleteObjects: 0.032100 ms)

Prepare: number of updated asset objects reloaded= 0
AssetImportParameters requested are different than current active one (requested -> active):
  custom:video-encoder-webm-vp8: eb34c28f22e8b96e1ab97ce403110664 -> 
  custom:video-decoder-webm-vp8: 9c59270c3fd7afecdb556c50c9e8de78 -> 
  custom:scripting/monoscript/fileName/p1.cs: 6da91d54ce804b2973093f4fd81c4801 -> b7eeb86762dd161f42c87c1e15387743
  custom:scripting/monoscript/fileName/puzzle2.cs: a7c5fc038d804b12485c273b9a3d0907 -> 712a2de9a73f744fb7be0e3d0a5fc4a4
  custom:audio-decoder-ogg-vorbis: bf7c407c2cedff20999df2af8eb42d56 -> 
  custom:video-decoder-ogg-theora: a1e56fd34408186e4bbccfd4996cb3dc -> 
  custom:scripting/precompiled-assembly-types:Assembly-CSharp: ff771812e7fcff90fa5fc6fe8cb36fe8 -> 68d14eac2bd86d91ba1201275a015a0d
  custom:scripting/monoscript/fileName/puzzle.cs: a1d858aacf5731eeedc3ec2b377052c9 -> f633c48e4335822d092d40d61a8c2186
  custom:scripting/monoscript/fileName/puzzle3.cs: e802031e251aa0a6c3b76d9ae8df1afe -> ab0a0176968d9b921e8c4bb827984ffc
  custom:audio-encoder-webm-vorbis: bf7c407c2cedff20999df2af8eb42d56 -> 
  custom:scripting/monoscript/fileName/PuzzleManager.cs: 7ff894f62ff44c2b92e6cb8d67038202 -> ab2123e60610ca1024fc211aa4a57193
  custom:container-demuxer-webm: 4f35f7cbe854078d1ac9338744f61a02 -> 
  custom:SearchIndexIgnoredProperties: e643bd26f0fe6173181afceb89e7c659 -> 
  custom:container-muxer-webm: aa71ff27fc2769a1b78a27578f13a17b -> 
  custom:container-demuxer-ogg: 62fdf1f143b41e24485cea50d1cbac27 -> 
  custom:scripting/monoscript/fileName/maket.cs: 4b619cf46fe06a9a3ca0ea66ce220b43 -> 345d1b39bd788d3e7fbfda18e1984532
  custom:AudioImporter_EditorPlatform: d09bf68614088b80899f8185d706f6e7 -> 
  custom:CustomObjectIndexerAttribute: 9a22284fe3817be447336de3de66b15e -> 
  custom:framework-win-MediaFoundation: 216162199b28c13a410421893ffa2e32 -> 
========================================================================
Received Import Request.
  Time since last request: 18.360006 seconds.
  path: Assets/MyScripts/scripts
  artifactKey: Guid(8c41d8616bbf3f646b9193ae87779fe4) Importer(815301076,1909f56bfc062723c751e8b465ee728b)
Start importing Assets/MyScripts/scripts using Guid(8c41d8616bbf3f646b9193ae87779fe4) Importer(815301076,1909f56bfc062723c751e8b465ee728b) [PhysX] Initialized MultithreadedTaskDispatcher with 4 workers.
 -> (artifact id: '3e49c51378b27f7460a7d8f34b3e8505') in 0.030775 seconds
Number of updated asset objects reloaded before import = 0
Number of asset objects unloaded after import = 0
========================================================================
Received Prepare
Caller must complete domain reload
Begin MonoManager ReloadAssembly
- Loaded All Assemblies, in  0.604 seconds
Native extension for WindowsStandalone target not found
Native extension for WebGL target not found
Mono: successfully reloaded assembly
- Finished resetting the current domain, in  1.077 seconds
Domain Reload Profiling: 1673ms
	BeginReloadAssembly (386ms)
		ExecutionOrderSort (0ms)
		DisableScriptedObjects (11ms)
		BackupInstance (0ms)
		ReleaseScriptingObjects (0ms)
		CreateAndSetChildDomain (54ms)
	RebuildCommonClasses (81ms)
	RebuildNativeTypeToScriptingClass (33ms)
	initialDomainReloadingComplete (65ms)
	LoadAllAssembliesAndSetupDomain (31ms)
		LoadAssemblies (265ms)
		RebuildTransferFunctionScriptingTraits (0ms)
		AnalyzeDomain (21ms)
			TypeCache.Refresh (12ms)
				TypeCache.ScanAssembly (2ms)
			ScanForSourceGeneratedMonoScriptInfo (2ms)
			ResolveRequiredComponents (6ms)
	FinalizeReload (1077ms)
		ReleaseScriptCaches (0ms)
		RebuildScriptCaches (0ms)
		SetupLoadedEditorAssemblies (707ms)
			LogAssemblyErrors (0ms)
			InitializePlatformSupportModulesInManaged (31ms)
			SetLoadedEditorAssemblies (16ms)
			RefreshPlugins (0ms)
			BeforeProcessingInitializeOnLoad (112ms)
			ProcessInitializeOnLoadAttributes (429ms)
			ProcessInitializeOnLoadMethodAttributes (66ms)
			AfterProcessingInitializeOnLoad (52ms)
			EditorAssembliesLoaded (0ms)
		ExecutionOrderSort2 (0ms)
		AwakeInstancesAfterBackupRestoration (35ms)
Refreshing native plugins compatible for Editor in 0.00 ms, found 0 plugins.
Preloading 0 native plugins for Editor in 0.00 ms.
Unloading 239 Unused Serialized files (Serialized files now loaded: 0)
Unloading 1 unused Assets / (22.8 KB). Loaded Objects now: 781.
Memory consumption went from 57.4 MB to 57.4 MB.
Total: 6.841600 ms (FindLiveObjects: 0.096600 ms CreateObjectMapping: 0.120200 ms MarkObjects: 6.560000 ms  DeleteObjects: 0.062900 ms)

Prepare: number of updated asset objects reloaded= 0
AssetImportParameters requested are different than current active one (requested -> active):
  custom:video-encoder-webm-vp8: eb34c28f22e8b96e1ab97ce403110664 -> 
  custom:video-decoder-webm-vp8: 9c59270c3fd7afecdb556c50c9e8de78 -> 
  custom:scripting/monoscript/fileName/p1.cs: 6da91d54ce804b2973093f4fd81c4801 -> b7eeb86762dd161f42c87c1e15387743
  custom:scripting/monoscript/fileName/cylinderScript.cs: e7d36b4f14276b1e48ce656de11a75e1 -> 56e63558117b8e3da317b0b3938eea4c
  custom:scripting/monoscript/fileName/puzzle2.cs: a7c5fc038d804b12485c273b9a3d0907 -> 712a2de9a73f744fb7be0e3d0a5fc4a4
  custom:audio-decoder-ogg-vorbis: bf7c407c2cedff20999df2af8eb42d56 -> 
  custom:video-decoder-ogg-theora: a1e56fd34408186e4bbccfd4996cb3dc -> 
  custom:scripting/precompiled-assembly-types:Assembly-CSharp: 25c10258e3b434309233aceaf7c11865 -> 68d14eac2bd86d91ba1201275a015a0d
  custom:scripting/monoscript/fileName/puzzle.cs: a1d858aacf5731eeedc3ec2b377052c9 -> f633c48e4335822d092d40d61a8c2186
  custom:scripting/monoscript/fileName/puzzle3.cs: e802031e251aa0a6c3b76d9ae8df1afe -> ab0a0176968d9b921e8c4bb827984ffc
  custom:audio-encoder-webm-vorbis: bf7c407c2cedff20999df2af8eb42d56 -> 
  custom:scripting/monoscript/fileName/PuzzleManager.cs: 7ff894f62ff44c2b92e6cb8d67038202 -> ab2123e60610ca1024fc211aa4a57193
  custom:container-demuxer-webm: 4f35f7cbe854078d1ac9338744f61a02 -> 
  custom:SearchIndexIgnoredProperties: e643bd26f0fe6173181afceb89e7c659 -> 
  custom:container-muxer-webm: aa71ff27fc2769a1b78a27578f13a17b -> 
  custom:container-demuxer-ogg: 62fdf1f143b41e24485cea50d1cbac27 -> 
  custom:scripting/monoscript/fileName/maket.cs: 4b619cf46fe06a9a3ca0ea66ce220b43 -> 345d1b39bd788d3e7fbfda18e1984532
  custom:AudioImporter_EditorPlatform: d09bf68614088b80899f8185d706f6e7 -> 
  custom:CustomObjectIndexerAttribute: 9a22284fe3817be447336de3de66b15e -> 
  custom:framework-win-MediaFoundation: 216162199b28c13a410421893ffa2e32 -> 
========================================================================
Received Prepare
Caller must complete domain reload
Begin MonoManager ReloadAssembly
- Loaded All Assemblies, in  0.689 seconds
Native extension for WindowsStandalone target not found
Native extension for WebGL target not found
Mono: successfully reloaded assembly
- Finished resetting the current domain, in  1.085 seconds
Domain Reload Profiling: 1763ms
	BeginReloadAssembly (432ms)
		ExecutionOrderSort (0ms)
		DisableScriptedObjects (25ms)
		BackupInstance (0ms)
		ReleaseScriptingObjects (0ms)
		CreateAndSetChildDomain (42ms)
	RebuildCommonClasses (88ms)
	RebuildNativeTypeToScriptingClass (30ms)
	initialDomainReloadingComplete (91ms)
	LoadAllAssembliesAndSetupDomain (36ms)
		LoadAssemblies (283ms)
		RebuildTransferFunctionScriptingTraits (0ms)
		AnalyzeDomain (22ms)
			TypeCache.Refresh (13ms)
				TypeCache.ScanAssembly (2ms)
			ScanForSourceGeneratedMonoScriptInfo (1ms)
			ResolveRequiredComponents (7ms)
	FinalizeReload (1086ms)
		ReleaseScriptCaches (0ms)
		RebuildScriptCaches (0ms)
		SetupLoadedEditorAssemblies (675ms)
			LogAssemblyErrors (0ms)
			InitializePlatformSupportModulesInManaged (30ms)
			SetLoadedEditorAssemblies (19ms)
			RefreshPlugins (0ms)
			BeforeProcessingInitializeOnLoad (113ms)
			ProcessInitializeOnLoadAttributes (403ms)
			ProcessInitializeOnLoadMethodAttributes (69ms)
			AfterProcessingInitializeOnLoad (41ms)
			EditorAssembliesLoaded (0ms)
		ExecutionOrderSort2 (0ms)
		AwakeInstancesAfterBackupRestoration (27ms)
Refreshing native plugins compatible for Editor in 0.00 ms, found 0 plugins.
Preloading 0 native plugins for Editor in 0.00 ms.
Unloading 240 Unused Serialized files (Serialized files now loaded: 0)
Unloading 1 unused Assets / (22.8 KB). Loaded Objects now: 781.
Memory consumption went from 57.7 MB to 57.7 MB.
Total: 3.449000 ms (FindLiveObjects: 0.069800 ms CreateObjectMapping: 0.020700 ms MarkObjects: 3.325200 ms  DeleteObjects: 0.032000 ms)

Prepare: number of updated asset objects reloaded= 0
AssetImportParameters requested are different than current active one (requested -> active):
  custom:video-encoder-webm-vp8: eb34c28f22e8b96e1ab97ce403110664 -> 
  custom:video-decoder-webm-vp8: 9c59270c3fd7afecdb556c50c9e8de78 -> 
  custom:scripting/monoscript/fileName/p1.cs: 6da91d54ce804b2973093f4fd81c4801 -> b7eeb86762dd161f42c87c1e15387743
  custom:scripting/monoscript/fileName/cylinderScript.cs: af94e31d33297ff5424686f7f0445390 -> 56e63558117b8e3da317b0b3938eea4c
  custom:scripting/monoscript/fileName/puzzle2.cs: a7c5fc038d804b12485c273b9a3d0907 -> 712a2de9a73f744fb7be0e3d0a5fc4a4
  custom:audio-decoder-ogg-vorbis: bf7c407c2cedff20999df2af8eb42d56 -> 
  custom:video-decoder-ogg-theora: a1e56fd34408186e4bbccfd4996cb3dc -> 
  custom:scripting/precompiled-assembly-types:Assembly-CSharp: d828638f329d84de0f015b796f110e8a -> 68d14eac2bd86d91ba1201275a015a0d
  custom:scripting/monoscript/fileName/puzzle.cs: a1d858aacf5731eeedc3ec2b377052c9 -> f633c48e4335822d092d40d61a8c2186
  custom:scripting/monoscript/fileName/puzzle3.cs: e802031e251aa0a6c3b76d9ae8df1afe -> ab0a0176968d9b921e8c4bb827984ffc
  custom:audio-encoder-webm-vorbis: bf7c407c2cedff20999df2af8eb42d56 -> 
  custom:scripting/monoscript/fileName/PuzzleManager.cs: 7ff894f62ff44c2b92e6cb8d67038202 -> ab2123e60610ca1024fc211aa4a57193
  custom:container-demuxer-webm: 4f35f7cbe854078d1ac9338744f61a02 -> 
  custom:SearchIndexIgnoredProperties: e643bd26f0fe6173181afceb89e7c659 -> 
  custom:container-muxer-webm: aa71ff27fc2769a1b78a27578f13a17b -> 
  custom:container-demuxer-ogg: 62fdf1f143b41e24485cea50d1cbac27 -> 
  custom:scripting/monoscript/fileName/maket.cs: 4b619cf46fe06a9a3ca0ea66ce220b43 -> 345d1b39bd788d3e7fbfda18e1984532
  custom:AudioImporter_EditorPlatform: d09bf68614088b80899f8185d706f6e7 -> 
  custom:CustomObjectIndexerAttribute: 9a22284fe3817be447336de3de66b15e -> 
  custom:framework-win-MediaFoundation: 216162199b28c13a410421893ffa2e32 -> 
